\BOOKMARK [1][]{Outline1}{What is supersymmetry}{}
\BOOKMARK [2][]{Outline1.1.4}{Symmetries and Physics}{Outline1}
\BOOKMARK [2][]{Outline1.2.5}{Charges and Conservation}{Outline1}
\BOOKMARK [2][]{Outline1.3.6}{Symmetries in particle physics}{Outline1}
\BOOKMARK [2][]{Outline1.4.7}{Additional Symmetry?}{Outline1}
\BOOKMARK [2][]{Outline1.5.8}{Supersymmetry is...}{Outline1}
\BOOKMARK [1][]{Outline2}{Why we need BSM physics}{}
\BOOKMARK [2][]{Outline2.1.10}{Standard Model}{Outline2}
\BOOKMARK [2][]{Outline2.2.11}{What it doesn't include}{Outline2}
\BOOKMARK [2][]{Outline2.3.12}{What does it get ``wrong''?}{Outline2}
\BOOKMARK [2][]{Outline2.4.13}{What is the hierarchy problem?}{Outline2}
\BOOKMARK [2][]{Outline2.5.14}{W-scattering cross-section}{Outline2}
\BOOKMARK [2][]{Outline2.6.15}{Divergent Higgs Mass}{Outline2}
\BOOKMARK [2][]{Outline2.7.16}{Divergent Higgs Mass Part 2}{Outline2}
\BOOKMARK [2][]{Outline2.8.17}{Why it could be SUSY}{Outline2}
\BOOKMARK [1][]{Outline3}{Constructing the details of SUSY}{}
\BOOKMARK [2][]{Outline3.1.19}{Multiplets}{Outline3}
\BOOKMARK [2][]{Outline3.2.20}{Multiplets Continued}{Outline3}
\BOOKMARK [2][]{Outline3.3.21}{More Multiplets}{Outline3}
\BOOKMARK [2][]{Outline3.4.22}{Breaking SUSY}{Outline3}
\BOOKMARK [2][]{Outline3.5.23}{What is a gauge anomaly}{Outline3}
\BOOKMARK [2][]{Outline3.6.24}{The Higgs Sector}{Outline3}
\BOOKMARK [2][]{Outline3.7.25}{The Higgs Sector Continued}{Outline3}
\BOOKMARK [2][]{Outline3.8.26}{Supersymmetry is...}{Outline3}
\BOOKMARK [1][]{Outline4}{Models of supersymmetry}{}
\BOOKMARK [2][]{Outline4.1.28}{Minimal Supersymmetric Standard Model}{Outline4}
\BOOKMARK [2][]{Outline4.2.29}{Not so natural...}{Outline4}
\BOOKMARK [2][]{Outline4.3.30}{CMSSM}{Outline4}
\BOOKMARK [2][]{Outline4.4.31}{NUHM1}{Outline4}
\BOOKMARK [2][]{Outline4.5.32}{mSUGRA}{Outline4}
\BOOKMARK [1][]{Outline5}{How is this useful?}{}
